<?xml version="1.0" encoding="UTF-8"?>
<!-- Generated by org.testng.reporters.JUnitReportReporter -->
<testsuite skipped="0" hostname="DESKTOP-CT4QI35" name="com.flipkart.testcase.Laptopspagetest" tests="1" failures="0" timestamp="04 Aug 2019 19:13:03 GMT" time="33.194" errors="0">
  <testcase name="clickonHPlaptopstest" time="33.194" classname="com.flipkart.testcase.Laptopspagetest"/>
</testsuite> <!-- com.flipkart.testcase.Laptopspagetest -->
