<?xml version="1.0" encoding="UTF-8"?>
<!-- Generated by org.testng.reporters.JUnitReportReporter -->
<testsuite skipped="0" hostname="DESKTOP-CT4QI35" name="com.flipkart.testcase.HPlaptopspagetest" tests="1" failures="0" timestamp="04 Aug 2019 19:13:03 GMT" time="283.055" errors="0">
  <testcase name="validateexcelwrite" time="283.055" classname="com.flipkart.testcase.HPlaptopspagetest"/>
</testsuite> <!-- com.flipkart.testcase.HPlaptopspagetest -->
