<?xml version="1.0" encoding="UTF-8"?>
<!-- Generated by org.testng.reporters.JUnitReportReporter -->
<testsuite skipped="0" hostname="DESKTOP-CT4QI35" name="com.flipkart.testcase.Loginpagetest" tests="2" failures="0" timestamp="05 Aug 2019 07:13:36 GMT" time="28.938" errors="0">
  <testcase name="checktitle" time="12.010" classname="com.flipkart.testcase.Loginpagetest"/>
  <testcase name="logintest" time="16.928" classname="com.flipkart.testcase.Loginpagetest"/>
</testsuite> <!-- com.flipkart.testcase.Loginpagetest -->
